<?xml version="1.0" encoding="UTF-8"?>
<testng-results ignored="0" total="1" passed="1" failed="0" skipped="0">
  <reporter-output>
  </reporter-output>
  <suite started-at="2022-10-31T10:14:01 IST" name="Default suite" finished-at="2022-10-31T10:14:26 IST" duration-ms="25642">
    <groups>
    </groups>
    <test started-at="2022-10-31T10:14:01 IST" name="Default test" finished-at="2022-10-31T10:14:26 IST" duration-ms="25642">
      <class name="testPackage.TestVagrant">
        <test-method is-config="true" signature="launchBrowser()[pri:0, instance:testPackage.TestVagrant@5ae50ce6]" started-at="2022-10-31T10:14:01 IST" name="launchBrowser" finished-at="2022-10-31T10:14:02 IST" duration-ms="1535" status="PASS">
          <reporter-output>
          </reporter-output>
        </test-method> <!-- launchBrowser -->
        <test-method signature="movieDetailValidationin()[pri:0, instance:testPackage.TestVagrant@5ae50ce6]" started-at="2022-10-31T10:14:02 IST" name="movieDetailValidationin" finished-at="2022-10-31T10:14:26 IST" duration-ms="23701" status="PASS">
          <reporter-output>
          </reporter-output>
        </test-method> <!-- movieDetailValidationin -->
        <test-method is-config="true" signature="quitBrowser()[pri:0, instance:testPackage.TestVagrant@5ae50ce6]" started-at="2022-10-31T10:14:26 IST" name="quitBrowser" finished-at="2022-10-31T10:14:26 IST" duration-ms="358" status="PASS">
          <reporter-output>
          </reporter-output>
        </test-method> <!-- quitBrowser -->
      </class> <!-- testPackage.TestVagrant -->
    </test> <!-- Default test -->
  </suite> <!-- Default suite -->
</testng-results>
