<?xml version="1.0" encoding="UTF-8"?>
<testng-results ignored="0" total="1" passed="1" failed="0" skipped="0">
  <reporter-output>
  </reporter-output>
  <suite started-at="2022-10-31T10:27:10 IST" name="Default suite" finished-at="2022-10-31T10:27:28 IST" duration-ms="18557">
    <groups>
    </groups>
    <test started-at="2022-10-31T10:27:10 IST" name="Default test" finished-at="2022-10-31T10:27:28 IST" duration-ms="18557">
      <class name="testPackage.TestVagrant">
        <test-method is-config="true" signature="launchBrowser()[pri:0, instance:testPackage.TestVagrant@5ae50ce6]" started-at="2022-10-31T10:27:10 IST" name="launchBrowser" finished-at="2022-10-31T10:27:12 IST" duration-ms="2086" status="PASS">
          <reporter-output>
          </reporter-output>
        </test-method> <!-- launchBrowser -->
        <test-method signature="movieDetailValidationin()[pri:0, instance:testPackage.TestVagrant@5ae50ce6]" started-at="2022-10-31T10:27:12 IST" name="movieDetailValidationin" finished-at="2022-10-31T10:27:28 IST" duration-ms="16132" status="PASS">
          <reporter-output>
          </reporter-output>
        </test-method> <!-- movieDetailValidationin -->
        <test-method is-config="true" signature="quitBrowser()[pri:0, instance:testPackage.TestVagrant@5ae50ce6]" started-at="2022-10-31T10:27:28 IST" name="quitBrowser" finished-at="2022-10-31T10:27:28 IST" duration-ms="306" status="PASS">
          <reporter-output>
          </reporter-output>
        </test-method> <!-- quitBrowser -->
      </class> <!-- testPackage.TestVagrant -->
    </test> <!-- Default test -->
  </suite> <!-- Default suite -->
</testng-results>
